2026-02-26 16:53:35,483 - INFO - Pipeline started
2026-02-26 16:53:35,483 - INFO - STEP 1: PREPROCESSING
2026-02-26 16:53:35,484 - INFO - STEP 1: PREPROCESSING STARTED
2026-02-26 16:53:35,484 - INFO - Reading dataset from data/SMSSpamCollection.txt...
2026-02-26 16:53:35,499 - INFO - Applying dual-cleaning strategy...
2026-02-26 16:53:35,594 - INFO - Preprocessing finished. Saved to data/sms_clean.csv
2026-02-26 16:53:35,595 - INFO - Sample Light: Go until jurong point  crazy   Available only in bugis n great world la e buffet    Cine there got amore wat
2026-02-26 16:53:35,595 - INFO - Sample Strict: jurong point crazy available bugis great world buffet cine got amore wat
2026-02-26 16:53:35,596 - INFO - STEP 2: WORD ANALYSIS
2026-02-26 16:53:35,596 - INFO - STEP 2: WORD ANALYSIS STARTED
2026-02-26 16:53:35,636 - INFO - Rows loaded: 5534
2026-02-26 16:53:35,649 - INFO - Top words: ['call', 'get', 'free', 'know', 'like', 'good', 'got', 'day', 'come', 'time', 'love', 'send', 'want', 'text', 'txt', 'one', 'going', 'need', 'home', 'lor']
2026-02-26 16:53:35,649 - INFO - Word analysis completed.
2026-02-26 16:53:35,650 - INFO - STEP 3: NGRAM ANALYSIS
2026-02-26 16:53:35,651 - INFO - STEP 3: NGRAM ANALYSIS STARTED
2026-02-26 16:53:35,811 - INFO - Top bigrams: ['let know', 'sorry later', 'good morning', 'new year', '1000 cash', 'send stop', 'pls send', 'prize guaranteed', 'national rate', 'good night', 'await collection', 'selected receive', 'customer service', 'happy new', 'shows 800', 'land line', 'wat time', 'urgent mobile', 'great day', 'prize claim']
2026-02-26 16:53:35,811 - INFO - Top trigrams: ['happy new year', 'suite342 2lands row', 'land line claim', 'pls send message', '2003 account statement', 'private 2003 account', 'pick phone right', '800 redeemed points', 'phone right pls', 'right pls send', 'guaranteed 1000 cash', 'shows 800 redeemed', 'bonus caller prize', 'await collection sae', 'camcorder reply 08000930705', '2lands row w1j6hl', 'urgent trying contact', 'customer service representative', 'collection sae box', 'cash await collection']
2026-02-26 16:53:35,812 - INFO - STEP 4: MODEL TRAINING
2026-02-26 16:53:35,812 - INFO - STEP 4: MODEL TRAINING STARTED
2026-02-26 16:53:37,198 - INFO - Optimized Threshold: 0.4308
2026-02-26 16:53:38,290 - INFO - Pipeline completed successfully
